<?xml version="1.0" encoding="UTF-8"?>
<testsuite xmlns:xsi="http://www.w3.org/2001/XMLSchema-instance" xsi:noNamespaceSchemaLocation="https://maven.apache.org/surefire/maven-surefire-plugin/xsd/surefire-test-report-3.0.xsd" version="3.0" name="ca.utoronto.utm.mcs.UserTests" time="2.534" tests="4" errors="0" skipped="0" failures="2">
  <properties>
[...]
</properties>
  <testcase name="userLoginFail" classname="ca.utoronto.utm.mcs.UserTests" time="2.464"/>
  <testcase name="userLoginPass" classname="ca.utoronto.utm.mcs.UserTests" time="0.02">
    <failure type="org.opentest4j.AssertionFailedError"><![CDATA[org.opentest4j.AssertionFailedError: expected: <200> but was: <400>
	at ca.utoronto.utm.mcs.UserTests.userLoginPass(UserTests.java:72)
]]></failure>
  </testcase>
  <testcase name="userRegisterFail" classname="ca.utoronto.utm.mcs.UserTests" time="0.014"/>
  <testcase name="userRegisterPass" classname="ca.utoronto.utm.mcs.UserTests" time="0.021">
    <failure type="org.opentest4j.AssertionFailedError"><![CDATA[org.opentest4j.AssertionFailedError: expected: <200> but was: <400>
	at ca.utoronto.utm.mcs.UserTests.userRegisterPass(UserTests.java:49)
]]></failure>
  </testcase>
</testsuite>